[2025-01-27 09:30:20,167: INFO: main: Welcome to Data Science]
[2025-01-27 11:19:11,759: INFO: common: yaml file: config\config.yaml loaded successfully]
[2025-01-27 11:19:11,764: INFO: common: yaml file: params.yaml loaded successfully]
[2025-01-27 11:19:11,765: INFO: common: yaml file: schema.yaml loaded successfully]
[2025-01-27 11:19:12,530: INFO: 3854817801: Downloaded file from: artifacts/data_ingestion/data.zip with the following info: Connection: close
Content-Length: 23329
Cache-Control: max-age=300
Content-Security-Policy: default-src 'none'; style-src 'unsafe-inline'; sandbox
Content-Type: application/zip
ETag: "c69888a4ae59bc5a893392785a938ccd4937981c06ba8a9d6a21aa52b4ab5b6e"
Strict-Transport-Security: max-age=31536000
X-Content-Type-Options: nosniff
X-Frame-Options: deny
X-XSS-Protection: 1; mode=block
X-GitHub-Request-Id: F5A2:2F6793:48254:98780:67974F8F
Accept-Ranges: bytes
Date: Mon, 27 Jan 2025 09:19:12 GMT
Via: 1.1 varnish
X-Served-By: cache-jnb7026-JNB
X-Cache: MISS
X-Cache-Hits: 0
X-Timer: S1737969552.136741,VS0,VE305
Vary: Authorization,Accept-Encoding,Origin
Access-Control-Allow-Origin: *
Cross-Origin-Resource-Policy: cross-origin
X-Fastly-Request-ID: efc21fa43b04680ecc8a89be38361da66f06c14e
Expires: Mon, 27 Jan 2025 09:24:12 GMT
Source-Age: 0

]
[2025-01-27 11:36:20,664: INFO: main: >>>>>> stage Data Ingestion stage started <<<<<<]
[2025-01-27 11:36:20,665: INFO: common: yaml file: config\config.yaml loaded successfully]
[2025-01-27 11:36:20,666: INFO: common: yaml file: params.yaml loaded successfully]
[2025-01-27 11:36:20,667: INFO: common: yaml file: schema.yaml loaded successfully]
[2025-01-27 11:36:21,492: INFO: data_ingestion: Downloaded file from: artifacts/data_ingestion/data.zip with the following info: Connection: close
Content-Length: 23329
Cache-Control: max-age=300
Content-Security-Policy: default-src 'none'; style-src 'unsafe-inline'; sandbox
Content-Type: application/zip
ETag: "c69888a4ae59bc5a893392785a938ccd4937981c06ba8a9d6a21aa52b4ab5b6e"
Strict-Transport-Security: max-age=31536000
X-Content-Type-Options: nosniff
X-Frame-Options: deny
X-XSS-Protection: 1; mode=block
X-GitHub-Request-Id: F5A2:2F6793:48254:98780:67974F8F
Accept-Ranges: bytes
Date: Mon, 27 Jan 2025 09:36:21 GMT
Via: 1.1 varnish
X-Served-By: cache-jnb7024-JNB
X-Cache: HIT
X-Cache-Hits: 0
X-Timer: S1737970581.024585,VS0,VE369
Vary: Authorization,Accept-Encoding,Origin
Access-Control-Allow-Origin: *
Cross-Origin-Resource-Policy: cross-origin
X-Fastly-Request-ID: 44423ad781e540bfb7b703dc39629ad525d9bb70
Expires: Mon, 27 Jan 2025 09:41:21 GMT
Source-Age: 0

]
[2025-01-27 11:36:21,508: INFO: main: >>>>>> stage Data Ingestion stage completed <<<<<<

x==========x]
